[debug] [2023-04-19T15:42:48.311Z] ----------------------------------------------------------------------
[debug] [2023-04-19T15:42:48.313Z] Command:       /usr/local/bin/node /usr/local/bin/firebase deploy
[debug] [2023-04-19T15:42:48.313Z] CLI Version:   11.0.1
[debug] [2023-04-19T15:42:48.313Z] Platform:      darwin
[debug] [2023-04-19T15:42:48.314Z] Node Version:  v16.13.0
[debug] [2023-04-19T15:42:48.316Z] Time:          Wed Apr 19 2023 17:42:48 GMT+0200 (Central European Summer Time)
[debug] [2023-04-19T15:42:48.317Z] ----------------------------------------------------------------------
[debug] 
[debug] [2023-04-19T15:42:48.319Z] >>> [apiv2][query] GET https://firebase-public.firebaseio.com/cli.json [none]
[debug] [2023-04-19T15:42:48.408Z] > command requires scopes: ["email","openid","https://www.googleapis.com/auth/cloudplatformprojects.readonly","https://www.googleapis.com/auth/firebase","https://www.googleapis.com/auth/cloud-platform"]
[debug] [2023-04-19T15:42:48.408Z] > authorizing via signed-in user (naima.maria.malik@gmail.com)
[debug] [2023-04-19T15:42:48.408Z] [iam] checking project dance-app-9c409 for permissions ["datastore.indexes.create","datastore.indexes.delete","datastore.indexes.list","datastore.indexes.update","firebase.projects.get","firebasehosting.sites.update"]
[debug] [2023-04-19T15:42:48.409Z] > refreshing access token with scopes: []
[debug] [2023-04-19T15:42:48.410Z] >>> HTTP REQUEST POST https://www.googleapis.com/oauth2/v3/token  
 <request body omitted>
[debug] [2023-04-19T15:42:48.745Z] <<< HTTP RESPONSE 200 {"cache-control":"no-cache, no-store, max-age=0, must-revalidate","expires":"Mon, 01 Jan 1990 00:00:00 GMT","pragma":"no-cache","date":"Wed, 19 Apr 2023 15:42:48 GMT","content-type":"application/json; charset=utf-8","vary":"X-Origin, Referer, Origin,Accept-Encoding","server":"scaffolding on HTTPServer2","x-xss-protection":"0","x-frame-options":"SAMEORIGIN","x-content-type-options":"nosniff","alt-svc":"h3=\":443\"; ma=2592000,h3-29=\":443\"; ma=2592000","accept-ranges":"none","transfer-encoding":"chunked"}
[debug] [2023-04-19T15:42:48.800Z] >>> [apiv2][query] POST https://cloudresourcemanager.googleapis.com/v1/projects/dance-app-9c409:testIamPermissions [none]
[debug] [2023-04-19T15:42:48.801Z] >>> [apiv2][body] POST https://cloudresourcemanager.googleapis.com/v1/projects/dance-app-9c409:testIamPermissions {"permissions":["datastore.indexes.create","datastore.indexes.delete","datastore.indexes.list","datastore.indexes.update","firebase.projects.get","firebasehosting.sites.update"]}
[debug] [2023-04-19T15:42:48.855Z] <<< [apiv2][status] GET https://firebase-public.firebaseio.com/cli.json 200
[debug] [2023-04-19T15:42:48.855Z] <<< [apiv2][body] GET https://firebase-public.firebaseio.com/cli.json {"cloudBuildErrorAfter":1594252800000,"cloudBuildWarnAfter":1590019200000,"defaultNode10After":1594252800000,"minVersion":"3.0.5","node8DeploysDisabledAfter":1613390400000,"node8RuntimeDisabledAfter":1615809600000,"node8WarnAfter":1600128000000}
[debug] [2023-04-19T15:42:49.777Z] <<< [apiv2][status] POST https://cloudresourcemanager.googleapis.com/v1/projects/dance-app-9c409:testIamPermissions 200
[debug] [2023-04-19T15:42:49.777Z] <<< [apiv2][body] POST https://cloudresourcemanager.googleapis.com/v1/projects/dance-app-9c409:testIamPermissions {}
[debug] [2023-04-19T15:42:49.778Z] [iam] error while checking permissions, command may fail: FirebaseError: Authorization failed. This account is missing the following required permissions on project dance-app-9c409:

  datastore.indexes.create
  datastore.indexes.delete
  datastore.indexes.list
  datastore.indexes.update
  firebase.projects.get
  firebasehosting.sites.update
[debug] [2023-04-19T15:42:49.779Z] >>> [apiv2][query] GET https://firebase.googleapis.com/v1beta1/projects/dance-app-9c409 [none]
[debug] [2023-04-19T15:42:50.104Z] <<< [apiv2][status] GET https://firebase.googleapis.com/v1beta1/projects/dance-app-9c409 403
[debug] [2023-04-19T15:42:50.104Z] <<< [apiv2][body] GET https://firebase.googleapis.com/v1beta1/projects/dance-app-9c409 {"error":{"code":403,"message":"The caller does not have permission","status":"PERMISSION_DENIED"}}
[debug] [2023-04-19T15:42:50.105Z] HTTP Error: 403, The caller does not have permission
[debug] [2023-04-19T15:42:50.257Z] FirebaseError: HTTP Error: 403, The caller does not have permission
    at module.exports (/usr/local/lib/node_modules/firebase-tools/lib/responseToError.js:47:12)
    at RetryOperation._fn (/usr/local/lib/node_modules/firebase-tools/lib/apiv2.js:286:39)
    at processTicksAndRejections (node:internal/process/task_queues:96:5)
[error] 
[error] Error: Failed to get Firebase project dance-app-9c409. Please make sure the project exists and your account has permission to access it.
